<<<<<<< HEAD
01:03:39 PM:DEBUG [conexion.py:24] Conexion Exitosa: <connection object at 0x00000255E09D2AC0; dsn: 'user=postgres password=xxx dbname=test_bd host=127.0.0.1 port=5432', closed: 0>
01:03:39 PM:DEBUG [conexion.py:37] Se abrio correctamente el cursor: <cursor object at 0x00000255E14859A0; closed: 0>
01:05:31 PM:DEBUG [conexion.py:24] Conexion Exitosa: <connection object at 0x0000027304262AC0; dsn: 'user=postgres password=xxx dbname=test_bd host=127.0.0.1 port=5432', closed: 0>
01:05:31 PM:DEBUG [conexion.py:37] Se abrio correctamente el cursor: <cursor object at 0x0000027304CF59A0; closed: 0>
01:12:26 PM:DEBUG [conexion.py:24] Conexion Exitosa: <connection object at 0x000001D925A32AC0; dsn: 'user=postgres password=xxx dbname=test_bd host=127.0.0.1 port=5432', closed: 0>
01:12:26 PM:DEBUG [conexion.py:37] Se abrio correctamente el cursor: <cursor object at 0x000001D9264D59A0; closed: 0>
01:12:26 PM:DEBUG [persona_dao.py:61] 
            id Persona: 1,
            Nombre: Juan jose,
            Apellido: Juan jose,
            Email: jjpena@mail.com
        
01:12:26 PM:DEBUG [persona_dao.py:61] 
            id Persona: 2,
            Nombre: Carla,
            Apellido: Gomez,
            Email: kgomez@mail.com
        
01:12:26 PM:DEBUG [persona_dao.py:61] 
            id Persona: 12,
            Nombre: Carlos,
            Apellido: Lara,
            Email: clara@mail.com
        
01:12:26 PM:DEBUG [persona_dao.py:61] 
            id Persona: 13,
            Nombre: Marcos,
            Apellido: Canto,
            Email: mcanto@mail.com
        
01:12:26 PM:DEBUG [persona_dao.py:61] 
            id Persona: 14,
            Nombre: Marcelo,
            Apellido: Cuenca,
            Email: cuencaM@mail.com
        
01:12:26 PM:DEBUG [persona_dao.py:61] 
            id Persona: 16,
            Nombre: Maria,
            Apellido: Esparza,
            Email: mesparza@mail.com
        
01:12:26 PM:DEBUG [persona_dao.py:61] 
            id Persona: 17,
            Nombre: Carlos,
            Apellido: Lara,
            Email: clara@mail.com
        
01:12:26 PM:DEBUG [persona_dao.py:61] 
            id Persona: 18,
            Nombre: Jorge,
            Apellido: Prol,
            Email: jprol@mail.com
        
01:12:26 PM:DEBUG [persona_dao.py:61] 
            id Persona: 19,
            Nombre: Alex,
            Apellido: Rojas,
            Email: arojas@mail.com
        
01:21:04 PM:DEBUG [conexion.py:24] Conexion Exitosa: <connection object at 0x00000153234929B0; dsn: 'user=postgres password=xxx dbname=test_bd host=127.0.0.1 port=5432', closed: 0>
01:21:04 PM:DEBUG [conexion.py:37] Se abrio correctamente el cursor: <cursor object at 0x0000015323F759A0; closed: 0>
01:25:11 PM:DEBUG [conexion.py:24] Conexion Exitosa: <connection object at 0x000001C0BF3F29B0; dsn: 'user=postgres password=xxx dbname=test_bd host=127.0.0.1 port=5432', closed: 0>
01:25:11 PM:DEBUG [conexion.py:37] Se abrio correctamente el cursor: <cursor object at 0x000001C0BFF159A0; closed: 0>
01:32:40 PM:DEBUG [conexion.py:24] Conexion Exitosa: <connection object at 0x00000227D52129B0; dsn: 'user=postgres password=xxx dbname=test_bd host=127.0.0.1 port=5432', closed: 0>
01:32:40 PM:DEBUG [conexion.py:37] Se abrio correctamente el cursor: <cursor object at 0x00000227D59359A0; closed: 0>
01:39:53 PM:DEBUG [conexion.py:24] Conexion Exitosa: <connection object at 0x000001A6BE5D29B0; dsn: 'user=postgres password=xxx dbname=test_bd host=127.0.0.1 port=5432', closed: 0>
01:39:53 PM:DEBUG [conexion.py:37] Se abrio correctamente el cursor: <cursor object at 0x000001A6BF0C59A0; closed: 0>
01:40:21 PM:DEBUG [conexion.py:24] Conexion Exitosa: <connection object at 0x0000029B304329B0; dsn: 'user=postgres password=xxx dbname=test_bd host=127.0.0.1 port=5432', closed: 0>
01:40:21 PM:DEBUG [conexion.py:37] Se abrio correctamente el cursor: <cursor object at 0x0000029B30F759A0; closed: 0>
01:40:42 PM:DEBUG [conexion.py:24] Conexion Exitosa: <connection object at 0x0000015E8DD629B0; dsn: 'user=postgres password=xxx dbname=test_bd host=127.0.0.1 port=5432', closed: 0>
01:40:42 PM:DEBUG [conexion.py:37] Se abrio correctamente el cursor: <cursor object at 0x0000015E8E4859A0; closed: 0>
01:40:42 PM:DEBUG [persona_dao.py:38] Persona Insertada: 
            id Persona: None,
            Nombre: Pedro,
            Apellido: Romero,
            Email: promero@mail.com
        
01:40:42 PM:DEBUG [persona_dao.py:57] Personas insertadas: 1
01:54:32 PM:DEBUG [conexion.py:24] Conexion Exitosa: <connection object at 0x00000178320229B0; dsn: 'user=postgres password=xxx dbname=test_bd host=127.0.0.1 port=5432', closed: 0>
01:54:32 PM:DEBUG [conexion.py:37] Se abrio correctamente el cursor: <cursor object at 0x00000178327458C0; closed: 0>
01:54:32 PM:DEBUG [persona_dao.py:38] Persona Insertada: 
            id Persona: None,
            Nombre: Omero,
            Apellido: Ramos,
            Email: omeror@mail.com
        
01:54:32 PM:DEBUG [persona_dao.py:58] Personas insertadas: 1
02:02:51 PM:DEBUG [conexion.py:24] Conexion Exitosa: <connection object at 0x000001DBB3D32790; dsn: 'user=postgres password=xxx dbname=test_bd host=127.0.0.1 port=5432', closed: 0>
02:02:51 PM:DEBUG [conexion.py:37] Se abrio correctamente el cursor: <cursor object at 0x000001DBB44519A0; closed: 0>
02:02:51 PM:DEBUG [persona_dao.py:48] Persona actualizada: 
            id Persona: 1,
            Nombre: Juan jose,
            Apellido: pena,
            Email: jjpena@mail.com
        
02:02:51 PM:DEBUG [persona_dao.py:56] Personas actualizadas: 1
02:12:40 PM:DEBUG [conexion.py:24] Conexion Exitosa: <connection object at 0x000001675EF62790; dsn: 'user=postgres password=xxx dbname=test_bd host=127.0.0.1 port=5432', closed: 0>
02:12:40 PM:DEBUG [conexion.py:37] Se abrio correctamente el cursor: <cursor object at 0x000001675F9F19A0; closed: 0>
02:12:40 PM:DEBUG [persona_dao.py:57] Los objetos eliminados son: 
            id Persona: 13,
            Nombre: None,
            Apellido: None,
            Email: None
        
02:12:40 PM:DEBUG [persona_dao.py:64] Persona eliminadas: 1
02:15:28 PM:DEBUG [conexion.py:24] Conexion Exitosa: <connection object at 0x000002832A112790; dsn: 'user=postgres password=xxx dbname=test_bd host=127.0.0.1 port=5432', closed: 0>
02:15:28 PM:DEBUG [conexion.py:37] Se abrio correctamente el cursor: <cursor object at 0x000002832A8319A0; closed: 0>
02:15:28 PM:DEBUG [persona_dao.py:57] Los objetos eliminados son: 
            id Persona: 17,
            Nombre: None,
            Apellido: None,
            Email: None
        
02:15:28 PM:DEBUG [persona_dao.py:64] Persona eliminadas: 1
02:16:55 PM:DEBUG [conexion.py:24] Conexion Exitosa: <connection object at 0x000001B111062790; dsn: 'user=postgres password=xxx dbname=test_bd host=127.0.0.1 port=5432', closed: 0>
02:16:55 PM:DEBUG [conexion.py:37] Se abrio correctamente el cursor: <cursor object at 0x000001B111B219A0; closed: 0>
02:16:55 PM:DEBUG [persona_dao.py:57] Los objetos eliminados son: 
            id Persona: 12,
            Nombre: None,
            Apellido: None,
            Email: None
        
02:16:55 PM:DEBUG [persona_dao.py:65] Persona eliminadas: 1
02:21:09 PM:DEBUG [conexion.py:24] Conexion Exitosa: <connection object at 0x00000193B74F2790; dsn: 'user=postgres password=xxx dbname=test_bd host=127.0.0.1 port=5432', closed: 0>
02:21:09 PM:DEBUG [conexion.py:37] Se abrio correctamente el cursor: <cursor object at 0x00000193B7C119A0; closed: 0>
02:21:09 PM:DEBUG [persona_dao.py:81] 
            id Persona: 1,
            Nombre: Juan jose,
            Apellido: Juan jose,
            Email: jjpena@mail.com
        
02:21:09 PM:DEBUG [persona_dao.py:81] 
            id Persona: 2,
            Nombre: Carla,
            Apellido: Gomez,
            Email: kgomez@mail.com
        
02:21:09 PM:DEBUG [persona_dao.py:81] 
            id Persona: 14,
            Nombre: Marcelo,
            Apellido: Cuenca,
            Email: cuencaM@mail.com
        
02:21:09 PM:DEBUG [persona_dao.py:81] 
            id Persona: 16,
            Nombre: Maria,
            Apellido: Esparza,
            Email: mesparza@mail.com
        
02:21:09 PM:DEBUG [persona_dao.py:81] 
            id Persona: 18,
            Nombre: Jorge,
            Apellido: Prol,
            Email: jprol@mail.com
        
02:21:09 PM:DEBUG [persona_dao.py:81] 
            id Persona: 19,
            Nombre: Alex,
            Apellido: Rojas,
            Email: arojas@mail.com
        
02:21:09 PM:DEBUG [persona_dao.py:81] 
            id Persona: 20,
            Nombre: Pedro,
            Apellido: Pedro,
            Email: promero@mail.com
        
02:21:09 PM:DEBUG [persona_dao.py:81] 
            id Persona: 21,
            Nombre: Omero,
            Apellido: Omero,
            Email: omeror@mail.com
        
02:23:19 PM:DEBUG [conexion.py:24] Conexion Exitosa: <connection object at 0x000002137BD92790; dsn: 'user=postgres password=xxx dbname=test_bd host=127.0.0.1 port=5432', closed: 0>
02:23:19 PM:DEBUG [conexion.py:37] Se abrio correctamente el cursor: <cursor object at 0x000002137C4B19A0; closed: 0>
02:23:19 PM:DEBUG [persona_dao.py:81] 
            id Persona: 1,
            Nombre: Juan jose,
            Apellido: Juan jose,
            Email: jjpena@mail.com
        
02:23:19 PM:DEBUG [persona_dao.py:81] 
            id Persona: 2,
            Nombre: Carla,
            Apellido: Gomez,
            Email: kgomez@mail.com
        
02:23:19 PM:DEBUG [persona_dao.py:81] 
            id Persona: 14,
            Nombre: Marcelo,
            Apellido: Cuenca,
            Email: cuencaM@mail.com
        
02:23:19 PM:DEBUG [persona_dao.py:81] 
            id Persona: 16,
            Nombre: Maria,
            Apellido: Esparza,
            Email: mesparza@mail.com
        
02:23:19 PM:DEBUG [persona_dao.py:81] 
            id Persona: 18,
            Nombre: Jorge,
            Apellido: Prol,
            Email: jprol@mail.com
        
02:23:19 PM:DEBUG [persona_dao.py:81] 
            id Persona: 19,
            Nombre: Alex,
            Apellido: Rojas,
            Email: arojas@mail.com
        
02:23:19 PM:DEBUG [persona_dao.py:81] 
            id Persona: 20,
            Nombre: Pedro,
            Apellido: Pedro,
            Email: promero@mail.com
        
02:23:19 PM:DEBUG [persona_dao.py:81] 
            id Persona: 21,
            Nombre: Omero,
            Apellido: Omero,
            Email: omeror@mail.com
        
02:25:32 PM:DEBUG [conexion.py:24] Conexion Exitosa: <connection object at 0x000001355FF82790; dsn: 'user=postgres password=xxx dbname=test_bd host=127.0.0.1 port=5432', closed: 0>
02:25:32 PM:DEBUG [conexion.py:37] Se abrio correctamente el cursor: <cursor object at 0x00000135606A19A0; closed: 0>
02:25:32 PM:DEBUG [persona_dao.py:81] 
            id Persona: 1,
            Nombre: Juan jose,
            Apellido: Juan jose,
            Email: jjpena@mail.com
        
02:25:32 PM:DEBUG [persona_dao.py:81] 
            id Persona: 2,
            Nombre: Carla,
            Apellido: Gomez,
            Email: kgomez@mail.com
        
02:25:32 PM:DEBUG [persona_dao.py:81] 
            id Persona: 14,
            Nombre: Marcelo,
            Apellido: Cuenca,
            Email: cuencaM@mail.com
        
02:25:32 PM:DEBUG [persona_dao.py:81] 
            id Persona: 16,
            Nombre: Maria,
            Apellido: Esparza,
            Email: mesparza@mail.com
        
02:25:32 PM:DEBUG [persona_dao.py:81] 
            id Persona: 18,
            Nombre: Jorge,
            Apellido: Prol,
            Email: jprol@mail.com
        
02:25:32 PM:DEBUG [persona_dao.py:81] 
            id Persona: 19,
            Nombre: Alex,
            Apellido: Rojas,
            Email: arojas@mail.com
        
02:25:32 PM:DEBUG [persona_dao.py:81] 
            id Persona: 20,
            Nombre: Pedro,
            Apellido: Romero,
            Email: promero@mail.com
        
02:25:32 PM:DEBUG [persona_dao.py:81] 
            id Persona: 21,
            Nombre: Omero,
            Apellido: Ramos,
            Email: omeror@mail.com
        
=======
01:50:45 PM:DEBUG [logger_base.py:16] Mensaje a nivel debug
01:50:45 PM:INFO [logger_base.py:17] Mensaje a nivel info
01:50:45 PM:WARNING [logger_base.py:18] Mensaje a nivel warning
01:50:45 PM:ERROR [logger_base.py:19] Mensaje a nivel error
01:50:45 PM:CRITICAL [logger_base.py:20] Mensaje a nivel critical
>>>>>>> parent of 0b29f1a (SENAMA 9 Python)
03:07:29 PM:DEBUG [conexion.py:37] Creación del pool exitosa: <psycopg2.pool.SimpleConnectionPool object at 0x00000275FFC38550>
03:07:29 PM:DEBUG [conexion.py:19] Conexión obtenida del pool: <connection object at 0x00000275FFC3C370; dsn: 'user=postgres password=xxx dbname=test_bd host=127.0.0.1 port=5432', closed: 0>
08:56:26 PM:DEBUG [cursor_del_pool.py:11] Inicio de método with y __enter__
08:56:27 PM:DEBUG [conexion.py:37] Creación del pool exitosa: <psycopg2.pool.SimpleConnectionPool object at 0x00000245D36DFEE0>
08:56:27 PM:DEBUG [conexion.py:19] Conexión obtenida del pool: <connection object at 0x00000245D526C150; dsn: 'user=postgres password=xxx dbname=test_bd host=127.0.0.1 port=5432', closed: 0>
08:56:27 PM:DEBUG [cursor_del_pool.py:30] Dentro del bloque with
08:56:27 PM:DEBUG [cursor_del_pool.py:32] [(2, 'Carla', 'Gomez', 'kgomez@mail.com'), (14, 'Marcelo', 'Cuenca', 'cuencaM@mail.com'), (16, 'Maria', 'Esparza', 'mesparza@mail.com'), (18, 'Jorge', 'Prol', 'jprol@mail.com'), (19, 'Alex', 'Rojas', 'arojas@mail.com'), (20, 'Pedro', 'Romero', 'promero@mail.com'), (21, 'Omero', 'Ramos', 'omeror@mail.com'), (1, 'Juan jose', 'Pena', 'jjpena@mail.com')]
08:56:27 PM:DEBUG [cursor_del_pool.py:17] Sr ejecuta el método exit
08:56:27 PM:DEBUG [cursor_del_pool.py:23] Commit de la transacción
08:56:27 PM:DEBUG [conexion.py:48] Regresamos la conexion del pool: <connection object at 0x00000245D526C150; dsn: 'user=postgres password=xxx dbname=test_bd host=127.0.0.1 port=5432', closed: 0>
09:15:10 PM:DEBUG [cursor_del_pool.py:11] Inicio de método with y __enter__
09:15:11 PM:DEBUG [conexion.py:37] Creación del pool exitosa: <psycopg2.pool.SimpleConnectionPool object at 0x0000027B1C918310>
09:15:11 PM:DEBUG [conexion.py:19] Conexión obtenida del pool: <connection object at 0x0000027B1C8C4260; dsn: 'user=postgres password=xxx dbname=test_bd host=127.0.0.1 port=5432', closed: 0>
09:15:11 PM:DEBUG [cursor_del_pool.py:17] Sr ejecuta el método exit
09:15:11 PM:DEBUG [cursor_del_pool.py:23] Commit de la transacción
09:15:11 PM:DEBUG [conexion.py:48] Regresamos la conexion del pool: <connection object at 0x0000027B1C8C4260; dsn: 'user=postgres password=xxx dbname=test_bd host=127.0.0.1 port=5432', closed: 0>
09:15:11 PM:DEBUG [persona_dao.py:78] 
            id Persona: 1,
            Nombre: Juan jose,
            Apellido: Pena,
            Email: jjpena@mail.com
        
09:15:11 PM:DEBUG [persona_dao.py:78] 
            id Persona: 2,
            Nombre: Carla,
            Apellido: Gomez,
            Email: kgomez@mail.com
        
09:15:11 PM:DEBUG [persona_dao.py:78] 
            id Persona: 14,
            Nombre: Marcelo,
            Apellido: Cuenca,
            Email: cuencaM@mail.com
        
09:15:11 PM:DEBUG [persona_dao.py:78] 
            id Persona: 16,
            Nombre: Maria,
            Apellido: Esparza,
            Email: mesparza@mail.com
        
09:15:11 PM:DEBUG [persona_dao.py:78] 
            id Persona: 18,
            Nombre: Jorge,
            Apellido: Prol,
            Email: jprol@mail.com
        
09:15:11 PM:DEBUG [persona_dao.py:78] 
            id Persona: 19,
            Nombre: Alex,
            Apellido: Rojas,
            Email: arojas@mail.com
        
09:15:11 PM:DEBUG [persona_dao.py:78] 
            id Persona: 20,
            Nombre: Pedro,
            Apellido: Romero,
            Email: promero@mail.com
        
09:15:11 PM:DEBUG [persona_dao.py:78] 
            id Persona: 21,
            Nombre: Omero,
            Apellido: Ramos,
            Email: omeror@mail.com
        
09:21:19 PM:DEBUG [cursor_del_pool.py:11] Inicio de método with y __enter__
09:21:19 PM:DEBUG [conexion.py:37] Creación del pool exitosa: <psycopg2.pool.SimpleConnectionPool object at 0x0000015130DFE560>
09:21:19 PM:DEBUG [conexion.py:19] Conexión obtenida del pool: <connection object at 0x0000015130DE4260; dsn: 'user=postgres password=xxx dbname=test_bd host=127.0.0.1 port=5432', closed: 0>
09:21:20 PM:DEBUG [persona_dao.py:38] Persona Insertada: 
            id Persona: None,
            Nombre: Marcos,
            Apellido: Tejeda,
            Email: tejadam@mail.com
        
09:21:20 PM:DEBUG [cursor_del_pool.py:17] Sr ejecuta el método exit
09:21:20 PM:DEBUG [cursor_del_pool.py:23] Commit de la transacción
09:21:20 PM:DEBUG [conexion.py:48] Regresamos la conexion del pool: <connection object at 0x0000015130DE4260; dsn: 'user=postgres password=xxx dbname=test_bd host=127.0.0.1 port=5432', closed: 0>
09:21:20 PM:DEBUG [persona_dao.py:73] Personas insertadas: 1
09:21:20 PM:DEBUG [cursor_del_pool.py:11] Inicio de método with y __enter__
09:21:20 PM:DEBUG [conexion.py:19] Conexión obtenida del pool: <connection object at 0x0000015130DE4260; dsn: 'user=postgres password=xxx dbname=test_bd host=127.0.0.1 port=5432', closed: 0>
09:21:20 PM:DEBUG [cursor_del_pool.py:17] Sr ejecuta el método exit
09:21:20 PM:DEBUG [cursor_del_pool.py:23] Commit de la transacción
09:21:20 PM:DEBUG [conexion.py:48] Regresamos la conexion del pool: <connection object at 0x0000015130DE4260; dsn: 'user=postgres password=xxx dbname=test_bd host=127.0.0.1 port=5432', closed: 0>
09:21:20 PM:DEBUG [persona_dao.py:78] 
            id Persona: 1,
            Nombre: Juan jose,
            Apellido: Pena,
            Email: jjpena@mail.com
        
09:21:20 PM:DEBUG [persona_dao.py:78] 
            id Persona: 2,
            Nombre: Carla,
            Apellido: Gomez,
            Email: kgomez@mail.com
        
09:21:20 PM:DEBUG [persona_dao.py:78] 
            id Persona: 14,
            Nombre: Marcelo,
            Apellido: Cuenca,
            Email: cuencaM@mail.com
        
09:21:20 PM:DEBUG [persona_dao.py:78] 
            id Persona: 16,
            Nombre: Maria,
            Apellido: Esparza,
            Email: mesparza@mail.com
        
09:21:20 PM:DEBUG [persona_dao.py:78] 
            id Persona: 18,
            Nombre: Jorge,
            Apellido: Prol,
            Email: jprol@mail.com
        
09:21:20 PM:DEBUG [persona_dao.py:78] 
            id Persona: 19,
            Nombre: Alex,
            Apellido: Rojas,
            Email: arojas@mail.com
        
09:21:20 PM:DEBUG [persona_dao.py:78] 
            id Persona: 20,
            Nombre: Pedro,
            Apellido: Romero,
            Email: promero@mail.com
        
09:21:20 PM:DEBUG [persona_dao.py:78] 
            id Persona: 21,
            Nombre: Omero,
            Apellido: Ramos,
            Email: omeror@mail.com
        
09:21:20 PM:DEBUG [persona_dao.py:78] 
            id Persona: 22,
            Nombre: Marcos,
            Apellido: Marcos,
            Email: tejadam@mail.com
        
09:23:21 PM:DEBUG [cursor_del_pool.py:11] Inicio de método with y __enter__
09:23:21 PM:DEBUG [conexion.py:37] Creación del pool exitosa: <psycopg2.pool.SimpleConnectionPool object at 0x000001F80B8BE5C0>
09:23:21 PM:DEBUG [conexion.py:19] Conexión obtenida del pool: <connection object at 0x000001F80B8A4260; dsn: 'user=postgres password=xxx dbname=test_bd host=127.0.0.1 port=5432', closed: 0>
09:23:21 PM:DEBUG [persona_dao.py:38] Persona Insertada: 
            id Persona: None,
            Nombre: Marcos,
            Apellido: Tejeda,
            Email: tejadam@mail.com
        
09:23:21 PM:DEBUG [cursor_del_pool.py:17] Sr ejecuta el método exit
09:23:22 PM:DEBUG [cursor_del_pool.py:23] Commit de la transacción
09:23:22 PM:DEBUG [conexion.py:48] Regresamos la conexion del pool: <connection object at 0x000001F80B8A4260; dsn: 'user=postgres password=xxx dbname=test_bd host=127.0.0.1 port=5432', closed: 0>
09:23:22 PM:DEBUG [persona_dao.py:73] Personas insertadas: 1
09:23:22 PM:DEBUG [cursor_del_pool.py:11] Inicio de método with y __enter__
09:23:22 PM:DEBUG [conexion.py:19] Conexión obtenida del pool: <connection object at 0x000001F80B8A4260; dsn: 'user=postgres password=xxx dbname=test_bd host=127.0.0.1 port=5432', closed: 0>
09:23:22 PM:DEBUG [cursor_del_pool.py:17] Sr ejecuta el método exit
09:23:22 PM:DEBUG [cursor_del_pool.py:23] Commit de la transacción
09:23:22 PM:DEBUG [conexion.py:48] Regresamos la conexion del pool: <connection object at 0x000001F80B8A4260; dsn: 'user=postgres password=xxx dbname=test_bd host=127.0.0.1 port=5432', closed: 0>
09:23:22 PM:DEBUG [persona_dao.py:78] 
            id Persona: 1,
            Nombre: Juan jose,
            Apellido: Pena,
            Email: jjpena@mail.com
        
09:23:22 PM:DEBUG [persona_dao.py:78] 
            id Persona: 2,
            Nombre: Carla,
            Apellido: Gomez,
            Email: kgomez@mail.com
        
09:23:22 PM:DEBUG [persona_dao.py:78] 
            id Persona: 14,
            Nombre: Marcelo,
            Apellido: Cuenca,
            Email: cuencaM@mail.com
        
09:23:22 PM:DEBUG [persona_dao.py:78] 
            id Persona: 16,
            Nombre: Maria,
            Apellido: Esparza,
            Email: mesparza@mail.com
        
09:23:22 PM:DEBUG [persona_dao.py:78] 
            id Persona: 18,
            Nombre: Jorge,
            Apellido: Prol,
            Email: jprol@mail.com
        
09:23:22 PM:DEBUG [persona_dao.py:78] 
            id Persona: 19,
            Nombre: Alex,
            Apellido: Rojas,
            Email: arojas@mail.com
        
09:23:22 PM:DEBUG [persona_dao.py:78] 
            id Persona: 20,
            Nombre: Pedro,
            Apellido: Romero,
            Email: promero@mail.com
        
09:23:22 PM:DEBUG [persona_dao.py:78] 
            id Persona: 21,
            Nombre: Omero,
            Apellido: Ramos,
            Email: omeror@mail.com
        
09:23:22 PM:DEBUG [persona_dao.py:78] 
            id Persona: 22,
            Nombre: Marcos,
            Apellido: Marcos,
            Email: tejadam@mail.com
        
09:23:22 PM:DEBUG [persona_dao.py:78] 
            id Persona: 23,
            Nombre: Marcos,
            Apellido: Marcos,
            Email: tejadam@mail.com
        
09:35:16 PM:DEBUG [cursor_del_pool.py:11] Inicio de método with y __enter__
09:35:16 PM:DEBUG [conexion.py:37] Creación del pool exitosa: <psycopg2.pool.SimpleConnectionPool object at 0x0000015481D1E950>
09:35:16 PM:DEBUG [conexion.py:19] Conexión obtenida del pool: <connection object at 0x0000015481D04260; dsn: 'user=postgres password=xxx dbname=test_bd host=127.0.0.1 port=5432', closed: 0>
09:35:16 PM:DEBUG [persona_dao.py:54] Los objetos eliminados son: 
            id Persona: 22,
            Nombre: None,
            Apellido: None,
            Email: None
        
09:35:16 PM:DEBUG [cursor_del_pool.py:17] Sr ejecuta el método exit
09:35:16 PM:DEBUG [cursor_del_pool.py:23] Commit de la transacción
09:35:16 PM:DEBUG [conexion.py:48] Regresamos la conexion del pool: <connection object at 0x0000015481D04260; dsn: 'user=postgres password=xxx dbname=test_bd host=127.0.0.1 port=5432', closed: 0>
09:35:16 PM:DEBUG [persona_dao.py:62] Persona eliminadas: 1
09:35:16 PM:DEBUG [cursor_del_pool.py:11] Inicio de método with y __enter__
09:35:16 PM:DEBUG [conexion.py:19] Conexión obtenida del pool: <connection object at 0x0000015481D04260; dsn: 'user=postgres password=xxx dbname=test_bd host=127.0.0.1 port=5432', closed: 0>
09:35:16 PM:DEBUG [persona_dao.py:46] Persona actualizada: 
            id Persona: 1,
            Nombre: Juan,
            Apellido: Pena,
            Email: jjpena@mail.com
        
09:35:16 PM:DEBUG [cursor_del_pool.py:17] Sr ejecuta el método exit
09:35:16 PM:DEBUG [cursor_del_pool.py:23] Commit de la transacción
09:35:16 PM:DEBUG [conexion.py:48] Regresamos la conexion del pool: <connection object at 0x0000015481D04260; dsn: 'user=postgres password=xxx dbname=test_bd host=127.0.0.1 port=5432', closed: 0>
09:35:16 PM:DEBUG [persona_dao.py:67] Personas actualizadas: 1
09:35:16 PM:DEBUG [cursor_del_pool.py:11] Inicio de método with y __enter__
09:35:16 PM:DEBUG [conexion.py:19] Conexión obtenida del pool: <connection object at 0x0000015481D04260; dsn: 'user=postgres password=xxx dbname=test_bd host=127.0.0.1 port=5432', closed: 0>
09:35:16 PM:DEBUG [persona_dao.py:38] Persona Insertada: 
            id Persona: None,
            Nombre: Mateo,
            Apellido: Torres,
            Email: tmateo@mail.com
        
09:35:16 PM:DEBUG [cursor_del_pool.py:17] Sr ejecuta el método exit
09:35:16 PM:DEBUG [cursor_del_pool.py:23] Commit de la transacción
09:35:16 PM:DEBUG [conexion.py:48] Regresamos la conexion del pool: <connection object at 0x0000015481D04260; dsn: 'user=postgres password=xxx dbname=test_bd host=127.0.0.1 port=5432', closed: 0>
09:35:16 PM:DEBUG [persona_dao.py:73] Personas insertadas: 1
09:35:16 PM:DEBUG [cursor_del_pool.py:11] Inicio de método with y __enter__
09:35:16 PM:DEBUG [conexion.py:19] Conexión obtenida del pool: <connection object at 0x0000015481D04260; dsn: 'user=postgres password=xxx dbname=test_bd host=127.0.0.1 port=5432', closed: 0>
09:35:16 PM:DEBUG [cursor_del_pool.py:17] Sr ejecuta el método exit
09:35:16 PM:DEBUG [cursor_del_pool.py:23] Commit de la transacción
09:35:16 PM:DEBUG [conexion.py:48] Regresamos la conexion del pool: <connection object at 0x0000015481D04260; dsn: 'user=postgres password=xxx dbname=test_bd host=127.0.0.1 port=5432', closed: 0>
09:35:16 PM:DEBUG [persona_dao.py:78] 
            id Persona: 1,
            Nombre: Juan,
            Apellido: Juan,
            Email: jjpena@mail.com
        
09:35:16 PM:DEBUG [persona_dao.py:78] 
            id Persona: 2,
            Nombre: Carla,
            Apellido: Gomez,
            Email: kgomez@mail.com
        
09:35:16 PM:DEBUG [persona_dao.py:78] 
            id Persona: 14,
            Nombre: Marcelo,
            Apellido: Cuenca,
            Email: cuencaM@mail.com
        
09:35:16 PM:DEBUG [persona_dao.py:78] 
            id Persona: 16,
            Nombre: Maria,
            Apellido: Esparza,
            Email: mesparza@mail.com
        
09:35:16 PM:DEBUG [persona_dao.py:78] 
            id Persona: 18,
            Nombre: Jorge,
            Apellido: Prol,
            Email: jprol@mail.com
        
09:35:16 PM:DEBUG [persona_dao.py:78] 
            id Persona: 19,
            Nombre: Alex,
            Apellido: Rojas,
            Email: arojas@mail.com
        
09:35:16 PM:DEBUG [persona_dao.py:78] 
            id Persona: 20,
            Nombre: Pedro,
            Apellido: Romero,
            Email: promero@mail.com
        
09:35:16 PM:DEBUG [persona_dao.py:78] 
            id Persona: 21,
            Nombre: Omero,
            Apellido: Ramos,
            Email: omeror@mail.com
        
09:35:16 PM:DEBUG [persona_dao.py:78] 
            id Persona: 23,
            Nombre: Marcos,
            Apellido: Marcos,
            Email: tejadam@mail.com
        
09:35:16 PM:DEBUG [persona_dao.py:78] 
            id Persona: 24,
            Nombre: Mateo,
            Apellido: Mateo,
            Email: tmateo@mail.com
        
02:25:15 PM:DEBUG [cursor_del_pool.py:11] Inicio de método with y __enter__
02:25:15 PM:DEBUG [conexion.py:36] Creación del pool exitosa: <psycopg2.pool.SimpleConnectionPool object at 0x000001FC3EF9E050>
02:25:15 PM:DEBUG [conexion.py:20] Conexión obtenida del pool: <connection object at 0x000001FC40D5D580; dsn: 'user=postgres password=xxx dbname=test_bd host=127.0.0.1 port=5432', closed: 0>
02:25:15 PM:DEBUG [usuario_dao.py:19] Seleccionando usuario
02:25:15 PM:DEBUG [cursor_del_pool.py:17] Sr ejecuta el método exit
02:25:15 PM:DEBUG [cursor_del_pool.py:23] Commit de la transacción
02:25:15 PM:DEBUG [conexion.py:47] Regresamos la conexion del pool: <connection object at 0x000001FC40D5D580; dsn: 'user=postgres password=xxx dbname=test_bd host=127.0.0.1 port=5432', closed: 0>
02:25:15 PM:INFO [menu_app_usuario.py:16] Usuario: 1 jperez 123
02:25:15 PM:INFO [menu_app_usuario.py:16] Usuario: 2 kgomez 450
02:26:00 PM:INFO [menu_app_usuario.py:19] Salimos de la aplicación, Hasta pronto
02:28:54 PM:INFO [menu_app_usuario.py:16] Usuario: 1 jperez 123
02:28:54 PM:INFO [menu_app_usuario.py:16] Usuario: 2 kgomez 456
02:29:08 PM:INFO [menu_app_usuario.py:19] Salimos de la aplicación, Hasta pronto
03:06:32 PM:DEBUG [cursor_del_pool.py:11] Inicio de método with y __enter__
03:06:32 PM:DEBUG [conexion.py:36] Creación del pool exitosa: <psycopg2.pool.SimpleConnectionPool object at 0x000001C77AC1DB50>
03:06:32 PM:DEBUG [conexion.py:20] Conexión obtenida del pool: <connection object at 0x000001C77C96CE10; dsn: 'user=postgres password=xxx dbname=test_bd host=127.0.0.1 port=5432', closed: 0>
03:06:32 PM:DEBUG [usuario_dao.py:19] Seleccionando usuario
03:06:33 PM:DEBUG [cursor_del_pool.py:17] Sr ejecuta el método exit
03:06:33 PM:DEBUG [cursor_del_pool.py:23] Commit de la transacción
03:06:33 PM:DEBUG [conexion.py:47] Regresamos la conexion del pool: <connection object at 0x000001C77C96CE10; dsn: 'user=postgres password=xxx dbname=test_bd host=127.0.0.1 port=5432', closed: 0>
03:06:33 PM:INFO [menu_app_usuario.py:17] Usuario: 1 jperez 123
03:06:33 PM:INFO [menu_app_usuario.py:17] Usuario: 2 kgomez 456
03:07:16 PM:DEBUG [cursor_del_pool.py:11] Inicio de método with y __enter__
03:07:16 PM:DEBUG [conexion.py:20] Conexión obtenida del pool: <connection object at 0x000001C77C96CE10; dsn: 'user=postgres password=xxx dbname=test_bd host=127.0.0.1 port=5432', closed: 0>
03:07:16 PM:DEBUG [usuario_dao.py:31] Usuario a insertar: Usuario: None mlara 567
03:07:16 PM:DEBUG [cursor_del_pool.py:17] Sr ejecuta el método exit
03:07:16 PM:DEBUG [cursor_del_pool.py:20] Ocurrió una excepción: 'Usuario' object has no attribute '_iusername'
03:07:16 PM:DEBUG [conexion.py:47] Regresamos la conexion del pool: <connection object at 0x000001C77C96CE10; dsn: 'user=postgres password=xxx dbname=test_bd host=127.0.0.1 port=5432', closed: 0>
03:09:54 PM:DEBUG [cursor_del_pool.py:11] Inicio de método with y __enter__
03:09:54 PM:DEBUG [conexion.py:36] Creación del pool exitosa: <psycopg2.pool.SimpleConnectionPool object at 0x000001BA9E09D610>
03:09:54 PM:DEBUG [conexion.py:20] Conexión obtenida del pool: <connection object at 0x000001BA9DFFD580; dsn: 'user=postgres password=xxx dbname=test_bd host=127.0.0.1 port=5432', closed: 0>
03:09:54 PM:DEBUG [usuario_dao.py:31] Usuario a insertar: Usuario: None mlara 567
03:09:54 PM:DEBUG [cursor_del_pool.py:17] Sr ejecuta el método exit
03:09:54 PM:DEBUG [cursor_del_pool.py:23] Commit de la transacción
03:09:54 PM:DEBUG [conexion.py:47] Regresamos la conexion del pool: <connection object at 0x000001BA9DFFD580; dsn: 'user=postgres password=xxx dbname=test_bd host=127.0.0.1 port=5432', closed: 0>
03:09:54 PM:INFO [menu_app_usuario.py:23] Usuario: 1
03:11:18 PM:DEBUG [cursor_del_pool.py:11] Inicio de método with y __enter__
03:11:18 PM:DEBUG [conexion.py:20] Conexión obtenida del pool: <connection object at 0x000001BA9DFFD580; dsn: 'user=postgres password=xxx dbname=test_bd host=127.0.0.1 port=5432', closed: 0>
03:11:18 PM:DEBUG [usuario_dao.py:19] Seleccionando usuario
03:11:18 PM:DEBUG [cursor_del_pool.py:17] Sr ejecuta el método exit
03:11:18 PM:DEBUG [cursor_del_pool.py:23] Commit de la transacción
03:11:18 PM:DEBUG [conexion.py:47] Regresamos la conexion del pool: <connection object at 0x000001BA9DFFD580; dsn: 'user=postgres password=xxx dbname=test_bd host=127.0.0.1 port=5432', closed: 0>
03:11:18 PM:INFO [menu_app_usuario.py:17] Usuario: 1 jperez 123
03:11:18 PM:INFO [menu_app_usuario.py:17] Usuario: 2 kgomez 456
03:11:18 PM:INFO [menu_app_usuario.py:17] Usuario: 3 mlara 567
03:14:46 PM:DEBUG [cursor_del_pool.py:11] Inicio de método with y __enter__
03:14:46 PM:DEBUG [conexion.py:36] Creación del pool exitosa: <psycopg2.pool.SimpleConnectionPool object at 0x000001C64C097F50>
03:14:46 PM:DEBUG [conexion.py:20] Conexión obtenida del pool: <connection object at 0x000001C64C00CF20; dsn: 'user=postgres password=xxx dbname=test_bd host=127.0.0.1 port=5432', closed: 0>
03:14:46 PM:DEBUG [usuario_dao.py:39] Usuario a actualizar: Usuario: 2 karlagomez 456
03:14:47 PM:DEBUG [cursor_del_pool.py:17] Sr ejecuta el método exit
03:14:47 PM:DEBUG [cursor_del_pool.py:20] Ocurrió una excepción: column "usename" of relation "usuario" does not exist
LINE 1: UPDATE usuario SET usename='karlagomez', password='456' WHER...
                           ^

03:14:47 PM:DEBUG [conexion.py:47] Regresamos la conexion del pool: <connection object at 0x000001C64C00CF20; dsn: 'user=postgres password=xxx dbname=test_bd host=127.0.0.1 port=5432', closed: 0>
03:29:11 PM:DEBUG [cursor_del_pool.py:11] Inicio de método with y __enter__
03:29:11 PM:DEBUG [conexion.py:36] Creación del pool exitosa: <psycopg2.pool.SimpleConnectionPool object at 0x000001BFF43ECCD0>
03:29:11 PM:DEBUG [conexion.py:20] Conexión obtenida del pool: <connection object at 0x000001BFF43BCF20; dsn: 'user=postgres password=xxx dbname=test_bd host=127.0.0.1 port=5432', closed: 0>
03:29:11 PM:DEBUG [usuario_dao.py:39] Usuario a actualizar: Usuario: 2 karlagomez 456
03:29:12 PM:DEBUG [cursor_del_pool.py:17] Sr ejecuta el método exit
03:29:12 PM:DEBUG [cursor_del_pool.py:20] Ocurrió una excepción: column "usename" of relation "usuario" does not exist
LINE 1: UPDATE usuario SET usename='karlagomez', password='456' WHER...
                           ^

03:29:12 PM:DEBUG [conexion.py:47] Regresamos la conexion del pool: <connection object at 0x000001BFF43BCF20; dsn: 'user=postgres password=xxx dbname=test_bd host=127.0.0.1 port=5432', closed: 0>
03:38:14 PM:DEBUG [cursor_del_pool.py:11] Inicio de método with y __enter__
03:38:15 PM:DEBUG [conexion.py:36] Creación del pool exitosa: <psycopg2.pool.SimpleConnectionPool object at 0x000001E7C5DEA550>
03:38:15 PM:DEBUG [conexion.py:20] Conexión obtenida del pool: <connection object at 0x000001E7C7BAD690; dsn: 'user=postgres password=xxx dbname=test_bd host=127.0.0.1 port=5432', closed: 0>
03:38:15 PM:DEBUG [usuario_dao.py:39] Usuario a actualizar: Usuario: 2 karlagomez 456
03:38:15 PM:DEBUG [cursor_del_pool.py:17] Sr ejecuta el método exit
03:38:15 PM:DEBUG [cursor_del_pool.py:23] Commit de la transacción
03:38:15 PM:DEBUG [conexion.py:47] Regresamos la conexion del pool: <connection object at 0x000001E7C7BAD690; dsn: 'user=postgres password=xxx dbname=test_bd host=127.0.0.1 port=5432', closed: 0>
03:38:15 PM:INFO [menu_app_usuario.py:30] Usuario actualizado: 1
03:39:16 PM:DEBUG [cursor_del_pool.py:11] Inicio de método with y __enter__
03:39:16 PM:DEBUG [conexion.py:20] Conexión obtenida del pool: <connection object at 0x000001E7C7BAD690; dsn: 'user=postgres password=xxx dbname=test_bd host=127.0.0.1 port=5432', closed: 0>
03:39:16 PM:DEBUG [usuario_dao.py:47] Usuario a eliminar: Usuario: 5 None None
03:39:16 PM:DEBUG [cursor_del_pool.py:17] Sr ejecuta el método exit
03:39:16 PM:DEBUG [cursor_del_pool.py:23] Commit de la transacción
03:39:16 PM:DEBUG [conexion.py:47] Regresamos la conexion del pool: <connection object at 0x000001E7C7BAD690; dsn: 'user=postgres password=xxx dbname=test_bd host=127.0.0.1 port=5432', closed: 0>
03:39:16 PM:INFO [menu_app_usuario.py:35] Usuario eliminado: 0
03:40:25 PM:DEBUG [cursor_del_pool.py:11] Inicio de método with y __enter__
03:40:25 PM:DEBUG [conexion.py:20] Conexión obtenida del pool: <connection object at 0x000001E7C7BAD690; dsn: 'user=postgres password=xxx dbname=test_bd host=127.0.0.1 port=5432', closed: 0>
03:40:25 PM:DEBUG [usuario_dao.py:47] Usuario a eliminar: Usuario: 3 None None
03:40:25 PM:DEBUG [cursor_del_pool.py:17] Sr ejecuta el método exit
03:40:25 PM:DEBUG [cursor_del_pool.py:23] Commit de la transacción
03:40:25 PM:DEBUG [conexion.py:47] Regresamos la conexion del pool: <connection object at 0x000001E7C7BAD690; dsn: 'user=postgres password=xxx dbname=test_bd host=127.0.0.1 port=5432', closed: 0>
03:40:25 PM:INFO [menu_app_usuario.py:35] Usuario eliminado: 1
03:40:37 PM:DEBUG [cursor_del_pool.py:11] Inicio de método with y __enter__
03:40:37 PM:DEBUG [conexion.py:20] Conexión obtenida del pool: <connection object at 0x000001E7C7BAD690; dsn: 'user=postgres password=xxx dbname=test_bd host=127.0.0.1 port=5432', closed: 0>
03:40:37 PM:DEBUG [usuario_dao.py:19] Seleccionando usuario
03:40:37 PM:DEBUG [cursor_del_pool.py:17] Sr ejecuta el método exit
03:40:37 PM:DEBUG [cursor_del_pool.py:23] Commit de la transacción
03:40:37 PM:DEBUG [conexion.py:47] Regresamos la conexion del pool: <connection object at 0x000001E7C7BAD690; dsn: 'user=postgres password=xxx dbname=test_bd host=127.0.0.1 port=5432', closed: 0>
03:40:37 PM:INFO [menu_app_usuario.py:17] Usuario: 1 jperez 123
03:40:37 PM:INFO [menu_app_usuario.py:17] Usuario: 2 karlagomez 456
03:40:54 PM:INFO [menu_app_usuario.py:37] Salimos de la aplicación, Hasta pronto!!!
03:41:56 PM:INFO [menu_app_usuario.py:17] Usuario: 1 jperez 123
03:41:56 PM:INFO [menu_app_usuario.py:17] Usuario: 2 karlagomez 456
03:42:16 PM:INFO [menu_app_usuario.py:37] Salimos de la aplicación, Hasta pronto!!!
